# JRE version: 7.0_11-b21
# Java VM: Java HotSpot(TM) 64-Bit Server VM (23.6-b04 mixed mode windows-amd64 compressed oops)
Heap
 PSYoungGen      total 90560K, used 44855K [0x00000000fa000000, 0x0000000100000000, 0x0000000100000000)
  eden space 83776K, 53% used [0x00000000fa000000,0x00000000fcb745d0,0x00000000ff1d0000)
  from space 6784K, 5% used [0x00000000ff1d0000,0x00000000ff229940,0x00000000ff870000)
  to   space 6720K, 0% used [0x00000000ff970000,0x00000000ff970000,0x0000000100000000)
 ParOldGen       total 63424K, used 51234K [0x00000000e8000000, 0x00000000ebdf0000, 0x00000000fa000000)
  object space 63424K, 80% used [0x00000000e8000000,0x00000000eb208848,0x00000000ebdf0000)
 PSPermGen       total 97344K, used 57552K [0x00000000e0000000, 0x00000000e5f10000, 0x00000000e8000000)
  object space 97344K, 59% used [0x00000000e0000000,0x00000000e3834138,0x00000000e5f10000)
GC Heap History (10 events):
Event: 45.343 GC heap before
{Heap before GC invocations=34 (full 1):
 PSYoungGen      total 89792K, used 85941K [0x00000000fa000000, 0x00000000fff10000, 0x0000000100000000)
  eden space 83008K, 100% used [0x00000000fa000000,0x00000000ff110000,0x00000000ff110000)
  from space 6784K, 43% used [0x00000000ff870000,0x00000000ffb4d4f0,0x00000000fff10000)
  to   space 7168K, 0% used [0x00000000ff110000,0x00000000ff110000,0x00000000ff810000)
 ParOldGen       total 63424K, used 47392K [0x00000000e8000000, 0x00000000ebdf0000, 0x00000000fa000000)
  object space 63424K, 74% used [0x00000000e8000000,0x00000000eae482b0,0x00000000ebdf0000)
 PSPermGen       total 97344K, used 54221K [0x00000000e0000000, 0x00000000e5f10000, 0x00000000e8000000)
  object space 97344K, 55% used [0x00000000e0000000,0x00000000e34f3740,0x00000000e5f10000)
Event: 45.350 GC heap after
Heap after GC invocations=34 (full 1):
 PSYoungGen      total 90176K, used 544K [0x00000000fa000000, 0x0000000100000000, 0x0000000100000000)
  eden space 83008K, 0% used [0x00000000fa000000,0x00000000fa000000,0x00000000ff110000)
  from space 7168K, 7% used [0x00000000ff110000,0x00000000ff198000,0x00000000ff810000)
  to   space 7232K, 0% used [0x00000000ff8f0000,0x00000000ff8f0000,0x0000000100000000)
 ParOldGen       total 63424K, used 50046K [0x00000000e8000000, 0x00000000ebdf0000, 0x00000000fa000000)
  object space 63424K, 78% used [0x00000000e8000000,0x00000000eb0df818,0x00000000ebdf0000)
 PSPermGen       total 97344K, used 54221K [0x00000000e0000000, 0x00000000e5f10000, 0x00000000e8000000)
  object space 97344K, 55% used [0x00000000e0000000,0x00000000e34f3740,0x00000000e5f10000)
}
Event: 46.554 GC heap before
{Heap before GC invocations=35 (full 1):
 PSYoungGen      total 90176K, used 83552K [0x00000000fa000000, 0x0000000100000000, 0x0000000100000000)
  eden space 83008K, 100% used [0x00000000fa000000,0x00000000ff110000,0x00000000ff110000)
  from space 7168K, 7% used [0x00000000ff110000,0x00000000ff198000,0x00000000ff810000)
  to   space 7232K, 0% used [0x00000000ff8f0000,0x00000000ff8f0000,0x0000000100000000)
 ParOldGen       total 63424K, used 50046K [0x00000000e8000000, 0x00000000ebdf0000, 0x00000000fa000000)
  object space 63424K, 78% used [0x00000000e8000000,0x00000000eb0df818,0x00000000ebdf0000)
 PSPermGen       total 97344K, used 54236K [0x00000000e0000000, 0x00000000e5f10000, 0x00000000e8000000)
  object space 97344K, 55% used [0x00000000e0000000,0x00000000e34f73a0,0x00000000e5f10000)
Event: 46.560 GC heap after
Heap after GC invocations=35 (full 1):
 PSYoungGen      total 90944K, used 96K [0x00000000fa000000, 0x0000000100000000, 0x0000000100000000)
  eden space 83712K, 0% used [0x00000000fa000000,0x00000000fa000000,0x00000000ff1c0000)
  from space 7232K, 1% used [0x00000000ff8f0000,0x00000000ff908000,0x0000000100000000)
  to   space 7296K, 0% used [0x00000000ff1c0000,0x00000000ff1c0000,0x00000000ff8e0000)
 ParOldGen       total 63424K, used 50206K [0x00000000e8000000, 0x00000000ebdf0000, 0x00000000fa000000)
  object space 63424K, 79% used [0x00000000e8000000,0x00000000eb107818,0x00000000ebdf0000)
 PSPermGen       total 97344K, used 54236K [0x00000000e0000000, 0x00000000e5f10000, 0x00000000e8000000)
  object space 97344K, 55% used [0x00000000e0000000,0x00000000e34f73a0,0x00000000e5f10000)
}
Event: 47.599 GC heap before
{Heap before GC invocations=36 (full 1):
 PSYoungGen      total 90944K, used 83808K [0x00000000fa000000, 0x0000000100000000, 0x0000000100000000)
  eden space 83712K, 100% used [0x00000000fa000000,0x00000000ff1c0000,0x00000000ff1c0000)
  from space 7232K, 1% used [0x00000000ff8f0000,0x00000000ff908000,0x0000000100000000)
  to   space 7296K, 0% used [0x00000000ff1c0000,0x00000000ff1c0000,0x00000000ff8e0000)
 ParOldGen       total 63424K, used 50206K [0x00000000e8000000, 0x00000000ebdf0000, 0x00000000fa000000)
  object space 63424K, 79% used [0x00000000e8000000,0x00000000eb107818,0x00000000ebdf0000)
 PSPermGen       total 97344K, used 54896K [0x00000000e0000000, 0x00000000e5f10000, 0x00000000e8000000)
  object space 97344K, 56% used [0x00000000e0000000,0x00000000e359c2a8,0x00000000e5f10000)
Event: 47.605 GC heap after
Heap after GC invocations=36 (full 1):
 PSYoungGen      total 91008K, used 626K [0x00000000fa000000, 0x00000000ffff0000, 0x0000000100000000)
  eden space 83712K, 0% used [0x00000000fa000000,0x00000000fa000000,0x00000000ff1c0000)
  from space 7296K, 8% used [0x00000000ff1c0000,0x00000000ff25ca38,0x00000000ff8e0000)
  to   space 7232K, 0% used [0x00000000ff8e0000,0x00000000ff8e0000,0x00000000ffff0000)
 ParOldGen       total 63424K, used 50246K [0x00000000e8000000, 0x00000000ebdf0000, 0x00000000fa000000)
  object space 63424K, 79% used [0x00000000e8000000,0x00000000eb111818,0x00000000ebdf0000)
 PSPermGen       total 97344K, used 54896K [0x00000000e0000000, 0x00000000e5f10000, 0x00000000e8000000)
  object space 97344K, 56% used [0x00000000e0000000,0x00000000e359c2a8,0x00000000e5f10000)
}
Event: 61.959 GC heap before
{Heap before GC invocations=37 (full 1):
 PSYoungGen      total 91008K, used 84338K [0x00000000fa000000, 0x00000000ffff0000, 0x0000000100000000)
  eden space 83712K, 100% used [0x00000000fa000000,0x00000000ff1c0000,0x00000000ff1c0000)
  from space 7296K, 8% used [0x00000000ff1c0000,0x00000000ff25ca38,0x00000000ff8e0000)
  to   space 7232K, 0% used [0x00000000ff8e0000,0x00000000ff8e0000,0x00000000ffff0000)
 ParOldGen       total 63424K, used 50246K [0x00000000e8000000, 0x00000000ebdf0000, 0x00000000fa000000)
  object space 63424K, 79% used [0x00000000e8000000,0x00000000eb111818,0x00000000ebdf0000)
 PSPermGen       total 97344K, used 57012K [0x00000000e0000000, 0x00000000e5f10000, 0x00000000e8000000)
  object space 97344K, 58% used [0x00000000e0000000,0x00000000e37ad390,0x00000000e5f10000)
Event: 61.965 GC heap after
Heap after GC invocations=37 (full 1):
 PSYoungGen      total 90112K, used 2257K [0x00000000fa000000, 0x00000000fff10000, 0x0000000100000000)
  eden space 83776K, 0% used [0x00000000fa000000,0x00000000fa000000,0x00000000ff1d0000)
  from space 6336K, 35% used [0x00000000ff8e0000,0x00000000ffb145e8,0x00000000fff10000)
  to   space 6784K, 0% used [0x00000000ff1d0000,0x00000000ff1d0000,0x00000000ff870000)
 ParOldGen       total 63424K, used 50358K [0x00000000e8000000, 0x00000000ebdf0000, 0x00000000fa000000)
  object space 63424K, 79% used [0x00000000e8000000,0x00000000eb12d818,0x00000000ebdf0000)
 PSPermGen       total 97344K, used 57012K [0x00000000e0000000, 0x00000000e5f10000, 0x00000000e8000000)
  object space 97344K, 58% used [0x00000000e0000000,0x00000000e37ad390,0x00000000e5f10000)
}
Event: 62.501 GC heap before
{Heap before GC invocations=38 (full 1):
 PSYoungGen      total 90112K, used 86033K [0x00000000fa000000, 0x00000000fff10000, 0x0000000100000000)
  eden space 83776K, 100% used [0x00000000fa000000,0x00000000ff1d0000,0x00000000ff1d0000)
  from space 6336K, 35% used [0x00000000ff8e0000,0x00000000ffb145e8,0x00000000fff10000)
  to   space 6784K, 0% used [0x00000000ff1d0000,0x00000000ff1d0000,0x00000000ff870000)
 ParOldGen       total 63424K, used 50358K [0x00000000e8000000, 0x00000000ebdf0000, 0x00000000fa000000)
  object space 63424K, 79% used [0x00000000e8000000,0x00000000eb12d818,0x00000000ebdf0000)
 PSPermGen       total 97344K, used 57169K [0x00000000e0000000, 0x00000000e5f10000, 0x00000000e8000000)
  object space 97344K, 58% used [0x00000000e0000000,0x00000000e37d44b8,0x00000000e5f10000)
Event: 62.508 GC heap after
Heap after GC invocations=38 (full 1):
 PSYoungGen      total 90560K, used 358K [0x00000000fa000000, 0x0000000100000000, 0x0000000100000000)
  eden space 83776K, 0% used [0x00000000fa000000,0x00000000fa000000,0x00000000ff1d0000)
  from space 6784K, 5% used [0x00000000ff1d0000,0x00000000ff229940,0x00000000ff870000)
  to   space 6720K, 0% used [0x00000000ff970000,0x00000000ff970000,0x0000000100000000)
 ParOldGen       total 63424K, used 51234K [0x00000000e8000000, 0x00000000ebdf0000, 0x00000000fa000000)
  object space 63424K, 80% used [0x00000000e8000000,0x00000000eb208848,0x00000000ebdf0000)
 PSPermGen       total 97344K, used 57169K [0x00000000e0000000, 0x00000000e5f10000, 0x00000000e8000000)
  object space 97344K, 58% used [0x00000000e0000000,0x00000000e37d44b8,0x00000000e5f10000)
}

